[debug] [2024-11-12T10:47:05.537Z] ----------------------------------------------------------------------
[debug] [2024-11-12T10:47:05.542Z] Command:       C:\Program Files\nodejs\node.exe C:\Users\Admin\AppData\Roaming\npm\node_modules\firebase-tools\lib\bin\firebase.js init hosting
[debug] [2024-11-12T10:47:05.543Z] CLI Version:   13.24.2
[debug] [2024-11-12T10:47:05.543Z] Platform:      win32
[debug] [2024-11-12T10:47:05.543Z] Node Version:  v22.9.0
[debug] [2024-11-12T10:47:05.543Z] Time:          Tue Nov 12 2024 16:17:05 GMT+0530 (India Standard Time)
[debug] [2024-11-12T10:47:05.544Z] ----------------------------------------------------------------------
[debug] 
[debug] [2024-11-12T10:47:05.558Z] > command requires scopes: ["email","openid","https://www.googleapis.com/auth/cloudplatformprojects.readonly","https://www.googleapis.com/auth/firebase","https://www.googleapis.com/auth/cloud-platform"]
[debug] [2024-11-12T10:47:05.559Z] > authorizing via signed-in user (nikhilgaikwad7979@gmail.com)
[info] 
     ######## #### ########  ######## ########     ###     ######  ########
     ##        ##  ##     ## ##       ##     ##  ##   ##  ##       ##
     ######    ##  ########  ######   ########  #########  ######  ######
     ##        ##  ##    ##  ##       ##     ## ##     ##       ## ##
     ##       #### ##     ## ######## ########  ##     ##  ######  ########

You're about to initialize a Firebase project in this directory:

  D:\New folder\project\portpolio

[info] 
=== Project Setup
[info] 
[info] First, let's associate this project directory with a Firebase project.
[info] You can create multiple project aliases by running firebase use --add, 
[info] but for now we'll just set up a default project.
[info] 
[info] i  If you want to create a project in a Google Cloud organization or folder, please use "firebase projects:create" instead, and return to this command when you've created the project. 
[debug] [2024-11-12T10:48:47.401Z] Checked if tokens are valid: true, expires at: 1731411650423
[debug] [2024-11-12T10:48:47.401Z] Checked if tokens are valid: true, expires at: 1731411650423
[debug] [2024-11-12T10:48:47.403Z] >>> [apiv2][query] POST https://cloudresourcemanager.googleapis.com/v1/projects [none]
[debug] [2024-11-12T10:48:47.403Z] >>> [apiv2][body] POST https://cloudresourcemanager.googleapis.com/v1/projects {"projectId":"portfolio","name":"nickportfolio"}
[debug] [2024-11-12T10:48:48.294Z] <<< [apiv2][status] POST https://cloudresourcemanager.googleapis.com/v1/projects 409
[debug] [2024-11-12T10:48:48.295Z] <<< [apiv2][body] POST https://cloudresourcemanager.googleapis.com/v1/projects {"error":{"code":409,"message":"Requested entity already exists","status":"ALREADY_EXISTS"}}
[debug] [2024-11-12T10:48:48.580Z] FirebaseError: Request to https://cloudresourcemanager.googleapis.com/v1/projects had HTTP Error: 409, Requested entity already exists
    at responseToError (C:\Users\Admin\AppData\Roaming\npm\node_modules\firebase-tools\lib\responseToError.js:52:12)
    at RetryOperation._fn (C:\Users\Admin\AppData\Roaming\npm\node_modules\firebase-tools\lib\apiv2.js:312:77)
    at process.processTicksAndRejections (node:internal/process/task_queues:105:5)
[error] 
[error] Error: Failed to create project because there is already a project with ID portfolio. Please try again with a unique project ID.
